2024-12-17 12:44:31 [ERROR]: uncaughtException: Unexpected string
/Users/andyjones/dfe-standards/dfe-standards-manual/services/strapiService.js:84
                fields: 'title', 'slug', 'category'],
                                 ^^^^^^

SyntaxError: Unexpected string
    at internalCompileFunction (node:internal/vm:77:18)
    at wrapSafe (node:internal/modules/cjs/loader:1290:20)
    at Module._compile (node:internal/modules/cjs/loader:1342:27)
    at Module._extensions..js (node:internal/modules/cjs/loader:1437:10)
    at Module.load (node:internal/modules/cjs/loader:1212:32)
    at Module._load (node:internal/modules/cjs/loader:1028:12)
    at Module.require (node:internal/modules/cjs/loader:1237:19)
    at require (node:internal/modules/helpers:176:18)
    at Object.<anonymous> (/Users/andyjones/dfe-standards/dfe-standards-manual/app/controllers/standardsController.js:2:23)
    at Module._compile (node:internal/modules/cjs/loader:1378:14)
2024-12-17 12:44:33 [ERROR]: uncaughtException: Unexpected string
/Users/andyjones/dfe-standards/dfe-standards-manual/services/strapiService.js:84
                fields: 'title', 'slug', 'category',
                                 ^^^^^^

SyntaxError: Unexpected string
    at internalCompileFunction (node:internal/vm:77:18)
    at wrapSafe (node:internal/modules/cjs/loader:1290:20)
    at Module._compile (node:internal/modules/cjs/loader:1342:27)
    at Module._extensions..js (node:internal/modules/cjs/loader:1437:10)
    at Module.load (node:internal/modules/cjs/loader:1212:32)
    at Module._load (node:internal/modules/cjs/loader:1028:12)
    at Module.require (node:internal/modules/cjs/loader:1237:19)
    at require (node:internal/modules/helpers:176:18)
    at Object.<anonymous> (/Users/andyjones/dfe-standards/dfe-standards-manual/app/controllers/standardsController.js:2:23)
    at Module._compile (node:internal/modules/cjs/loader:1378:14)
2024-12-17 12:44:39 [ERROR]: uncaughtException: Unexpected string
/Users/andyjones/dfe-standards/dfe-standards-manual/services/strapiService.js:84
                fields: 'title,slug', 'category',
                                      ^^^^^^^^^^

SyntaxError: Unexpected string
    at internalCompileFunction (node:internal/vm:77:18)
    at wrapSafe (node:internal/modules/cjs/loader:1290:20)
    at Module._compile (node:internal/modules/cjs/loader:1342:27)
    at Module._extensions..js (node:internal/modules/cjs/loader:1437:10)
    at Module.load (node:internal/modules/cjs/loader:1212:32)
    at Module._load (node:internal/modules/cjs/loader:1028:12)
    at Module.require (node:internal/modules/cjs/loader:1237:19)
    at require (node:internal/modules/helpers:176:18)
    at Object.<anonymous> (/Users/andyjones/dfe-standards/dfe-standards-manual/app/controllers/standardsController.js:2:23)
    at Module._compile (node:internal/modules/cjs/loader:1378:14)
2024-12-17 14:01:07 [ERROR]: uncaughtException: getStandard is not defined
ReferenceError: getStandard is not defined
    at Object.<anonymous> (/Users/andyjones/dfe-standards/dfe-standards-manual/services/strapiService.js:280:94)
    at Module._compile (node:internal/modules/cjs/loader:1378:14)
    at Module._extensions..js (node:internal/modules/cjs/loader:1437:10)
    at Module.load (node:internal/modules/cjs/loader:1212:32)
    at Module._load (node:internal/modules/cjs/loader:1028:12)
    at Module.require (node:internal/modules/cjs/loader:1237:19)
    at require (node:internal/modules/helpers:176:18)
    at Object.<anonymous> (/Users/andyjones/dfe-standards/dfe-standards-manual/app/controllers/standardsController.js:2:23)
    at Module._compile (node:internal/modules/cjs/loader:1378:14)
    at Module._extensions..js (node:internal/modules/cjs/loader:1437:10)
2024-12-17 14:01:20 [ERROR]: uncaughtException: getStandard is not defined
ReferenceError: getStandard is not defined
    at Object.<anonymous> (/Users/andyjones/dfe-standards/dfe-standards-manual/services/strapiService.js:283:94)
    at Module._compile (node:internal/modules/cjs/loader:1378:14)
    at Module._extensions..js (node:internal/modules/cjs/loader:1437:10)
    at Module.load (node:internal/modules/cjs/loader:1212:32)
    at Module._load (node:internal/modules/cjs/loader:1028:12)
    at Module.require (node:internal/modules/cjs/loader:1237:19)
    at require (node:internal/modules/helpers:176:18)
    at Object.<anonymous> (/Users/andyjones/dfe-standards/dfe-standards-manual/app/controllers/standardsController.js:2:23)
    at Module._compile (node:internal/modules/cjs/loader:1378:14)
    at Module._extensions..js (node:internal/modules/cjs/loader:1437:10)
2024-12-17 14:01:22 [ERROR]: uncaughtException: getStandard is not defined
ReferenceError: getStandard is not defined
    at Object.<anonymous> (/Users/andyjones/dfe-standards/dfe-standards-manual/services/strapiService.js:287:94)
    at Module._compile (node:internal/modules/cjs/loader:1378:14)
    at Module._extensions..js (node:internal/modules/cjs/loader:1437:10)
    at Module.load (node:internal/modules/cjs/loader:1212:32)
    at Module._load (node:internal/modules/cjs/loader:1028:12)
    at Module.require (node:internal/modules/cjs/loader:1237:19)
    at require (node:internal/modules/helpers:176:18)
    at Object.<anonymous> (/Users/andyjones/dfe-standards/dfe-standards-manual/app/controllers/standardsController.js:2:23)
    at Module._compile (node:internal/modules/cjs/loader:1378:14)
    at Module._extensions..js (node:internal/modules/cjs/loader:1437:10)
2024-12-17 14:01:24 [ERROR]: uncaughtException: getStandard is not defined
ReferenceError: getStandard is not defined
    at Object.<anonymous> (/Users/andyjones/dfe-standards/dfe-standards-manual/services/strapiService.js:288:94)
    at Module._compile (node:internal/modules/cjs/loader:1378:14)
    at Module._extensions..js (node:internal/modules/cjs/loader:1437:10)
    at Module.load (node:internal/modules/cjs/loader:1212:32)
    at Module._load (node:internal/modules/cjs/loader:1028:12)
    at Module.require (node:internal/modules/cjs/loader:1237:19)
    at require (node:internal/modules/helpers:176:18)
    at Object.<anonymous> (/Users/andyjones/dfe-standards/dfe-standards-manual/app/controllers/standardsController.js:2:23)
    at Module._compile (node:internal/modules/cjs/loader:1378:14)
    at Module._extensions..js (node:internal/modules/cjs/loader:1437:10)
2024-12-17 14:01:27 [ERROR]: uncaughtException: getStandard is not defined
ReferenceError: getStandard is not defined
    at Object.<anonymous> (/Users/andyjones/dfe-standards/dfe-standards-manual/services/strapiService.js:288:94)
    at Module._compile (node:internal/modules/cjs/loader:1378:14)
    at Module._extensions..js (node:internal/modules/cjs/loader:1437:10)
    at Module.load (node:internal/modules/cjs/loader:1212:32)
    at Module._load (node:internal/modules/cjs/loader:1028:12)
    at Module.require (node:internal/modules/cjs/loader:1237:19)
    at require (node:internal/modules/helpers:176:18)
    at Object.<anonymous> (/Users/andyjones/dfe-standards/dfe-standards-manual/app/controllers/standardsController.js:2:23)
    at Module._compile (node:internal/modules/cjs/loader:1378:14)
    at Module._extensions..js (node:internal/modules/cjs/loader:1437:10)
2024-12-17 14:01:35 [ERROR]: uncaughtException: Unexpected end of input
/Users/andyjones/dfe-standards/dfe-standards-manual/services/strapiService.js:314



SyntaxError: Unexpected end of input
    at internalCompileFunction (node:internal/vm:77:18)
    at wrapSafe (node:internal/modules/cjs/loader:1290:20)
    at Module._compile (node:internal/modules/cjs/loader:1342:27)
    at Module._extensions..js (node:internal/modules/cjs/loader:1437:10)
    at Module.load (node:internal/modules/cjs/loader:1212:32)
    at Module._load (node:internal/modules/cjs/loader:1028:12)
    at Module.require (node:internal/modules/cjs/loader:1237:19)
    at require (node:internal/modules/helpers:176:18)
    at Object.<anonymous> (/Users/andyjones/dfe-standards/dfe-standards-manual/app/controllers/standardsController.js:2:23)
    at Module._compile (node:internal/modules/cjs/loader:1378:14)
2024-12-17 14:04:52 [ERROR]: uncaughtException: Unexpected end of input
/Users/andyjones/dfe-standards/dfe-standards-manual/services/strapiService.js:316



SyntaxError: Unexpected end of input
    at internalCompileFunction (node:internal/vm:77:18)
    at wrapSafe (node:internal/modules/cjs/loader:1290:20)
    at Module._compile (node:internal/modules/cjs/loader:1342:27)
    at Module._extensions..js (node:internal/modules/cjs/loader:1437:10)
    at Module.load (node:internal/modules/cjs/loader:1212:32)
    at Module._load (node:internal/modules/cjs/loader:1028:12)
    at Module.require (node:internal/modules/cjs/loader:1237:19)
    at require (node:internal/modules/helpers:176:18)
    at Object.<anonymous> (/Users/andyjones/dfe-standards/dfe-standards-manual/app/controllers/standardsController.js:2:23)
    at Module._compile (node:internal/modules/cjs/loader:1378:14)
2024-12-17 14:05:40 [ERROR]: uncaughtException: Missing initializer in destructuring declaration
/Users/andyjones/dfe-standards/dfe-standards-manual/app/controllers/standardsController.js:44
        const {slug}
              ^^^^^^

SyntaxError: Missing initializer in destructuring declaration
    at internalCompileFunction (node:internal/vm:77:18)
    at wrapSafe (node:internal/modules/cjs/loader:1290:20)
    at Module._compile (node:internal/modules/cjs/loader:1342:27)
    at Module._extensions..js (node:internal/modules/cjs/loader:1437:10)
    at Module.load (node:internal/modules/cjs/loader:1212:32)
    at Module._load (node:internal/modules/cjs/loader:1028:12)
    at Module.require (node:internal/modules/cjs/loader:1237:19)
    at require (node:internal/modules/helpers:176:18)
    at Object.<anonymous> (/Users/andyjones/dfe-standards/dfe-standards-manual/app/routes.js:5:29)
    at Module._compile (node:internal/modules/cjs/loader:1378:14)
2024-12-17 14:50:37 [ERROR]: uncaughtException: nunjuckEnv is not defined
ReferenceError: nunjuckEnv is not defined
    at Object.<anonymous> (/Users/andyjones/dfe-standards/dfe-standards-manual/app.js:35:19)
    at Module._compile (node:internal/modules/cjs/loader:1378:14)
    at Module._extensions..js (node:internal/modules/cjs/loader:1437:10)
    at Module.load (node:internal/modules/cjs/loader:1212:32)
    at Module._load (node:internal/modules/cjs/loader:1028:12)
    at Function.executeUserEntryPoint [as runMain] (node:internal/modules/run_main:142:12)
    at node:internal/main/run_main_module:28:49
2024-12-17 14:56:33 [ERROR]: uncaughtException: dateFilter is not defined
ReferenceError: dateFilter is not defined
    at Object.<anonymous> (/Users/andyjones/dfe-standards/dfe-standards-manual/app.js:35:30)
    at Module._compile (node:internal/modules/cjs/loader:1378:14)
    at Module._extensions..js (node:internal/modules/cjs/loader:1437:10)
    at Module.load (node:internal/modules/cjs/loader:1212:32)
    at Module._load (node:internal/modules/cjs/loader:1028:12)
    at Function.executeUserEntryPoint [as runMain] (node:internal/modules/run_main:142:12)
    at node:internal/main/run_main_module:28:49
2024-12-17 14:56:47 [ERROR]: uncaughtException: dateFilter is not defined
ReferenceError: dateFilter is not defined
    at Object.<anonymous> (/Users/andyjones/dfe-standards/dfe-standards-manual/app.js:35:30)
    at Module._compile (node:internal/modules/cjs/loader:1378:14)
    at Module._extensions..js (node:internal/modules/cjs/loader:1437:10)
    at Module.load (node:internal/modules/cjs/loader:1212:32)
    at Module._load (node:internal/modules/cjs/loader:1028:12)
    at Function.executeUserEntryPoint [as runMain] (node:internal/modules/run_main:142:12)
    at node:internal/main/run_main_module:28:49
2024-12-17 19:03:45 [ERROR]: uncaughtException: Route.get() requires a callback function but got a [object Undefined]
Error: Route.get() requires a callback function but got a [object Undefined]
    at Route.<computed> [as get] (/Users/andyjones/dfe-standards/dfe-standards-manual/node_modules/express/lib/router/route.js:216:15)
    at proto.<computed> [as get] (/Users/andyjones/dfe-standards/dfe-standards-manual/node_modules/express/lib/router/index.js:521:19)
    at Object.<anonymous> (/Users/andyjones/dfe-standards/dfe-standards-manual/app/routes.js:13:8)
    at Module._compile (node:internal/modules/cjs/loader:1378:14)
    at Module._extensions..js (node:internal/modules/cjs/loader:1437:10)
    at Module.load (node:internal/modules/cjs/loader:1212:32)
    at Module._load (node:internal/modules/cjs/loader:1028:12)
    at Module.require (node:internal/modules/cjs/loader:1237:19)
    at require (node:internal/modules/helpers:176:18)
    at Object.<anonymous> (/Users/andyjones/dfe-standards/dfe-standards-manual/app.js:8:19)
2024-12-17 19:04:06 [ERROR]: uncaughtException: Route.get() requires a callback function but got a [object Undefined]
Error: Route.get() requires a callback function but got a [object Undefined]
    at Route.<computed> [as get] (/Users/andyjones/dfe-standards/dfe-standards-manual/node_modules/express/lib/router/route.js:216:15)
    at proto.<computed> [as get] (/Users/andyjones/dfe-standards/dfe-standards-manual/node_modules/express/lib/router/index.js:521:19)
    at Object.<anonymous> (/Users/andyjones/dfe-standards/dfe-standards-manual/app/routes.js:13:8)
    at Module._compile (node:internal/modules/cjs/loader:1378:14)
    at Module._extensions..js (node:internal/modules/cjs/loader:1437:10)
    at Module.load (node:internal/modules/cjs/loader:1212:32)
    at Module._load (node:internal/modules/cjs/loader:1028:12)
    at Module.require (node:internal/modules/cjs/loader:1237:19)
    at require (node:internal/modules/helpers:176:18)
    at Object.<anonymous> (/Users/andyjones/dfe-standards/dfe-standards-manual/app.js:8:19)
2024-12-17 19:04:58 [ERROR]: uncaughtException: Route.get() requires a callback function but got a [object Undefined]
Error: Route.get() requires a callback function but got a [object Undefined]
    at Route.<computed> [as get] (/Users/andyjones/dfe-standards/dfe-standards-manual/node_modules/express/lib/router/route.js:216:15)
    at proto.<computed> [as get] (/Users/andyjones/dfe-standards/dfe-standards-manual/node_modules/express/lib/router/index.js:521:19)
    at Object.<anonymous> (/Users/andyjones/dfe-standards/dfe-standards-manual/app/routes.js:13:8)
    at Module._compile (node:internal/modules/cjs/loader:1378:14)
    at Module._extensions..js (node:internal/modules/cjs/loader:1437:10)
    at Module.load (node:internal/modules/cjs/loader:1212:32)
    at Module._load (node:internal/modules/cjs/loader:1028:12)
    at Module.require (node:internal/modules/cjs/loader:1237:19)
    at require (node:internal/modules/helpers:176:18)
    at Object.<anonymous> (/Users/andyjones/dfe-standards/dfe-standards-manual/app.js:8:19)
2024-12-17 19:06:06 [ERROR]: uncaughtException: Unexpected token ')'
/Users/andyjones/dfe-standards/dfe-standards-manual/services/strapiService.js:298
        });
         ^

SyntaxError: Unexpected token ')'
    at internalCompileFunction (node:internal/vm:77:18)
    at wrapSafe (node:internal/modules/cjs/loader:1290:20)
    at Module._compile (node:internal/modules/cjs/loader:1342:27)
    at Module._extensions..js (node:internal/modules/cjs/loader:1437:10)
    at Module.load (node:internal/modules/cjs/loader:1212:32)
    at Module._load (node:internal/modules/cjs/loader:1028:12)
    at Module.require (node:internal/modules/cjs/loader:1237:19)
    at require (node:internal/modules/helpers:176:18)
    at Object.<anonymous> (/Users/andyjones/dfe-standards/dfe-standards-manual/app/controllers/standardsController.js:2:23)
    at Module._compile (node:internal/modules/cjs/loader:1378:14)
2024-12-17 19:06:10 [ERROR]: uncaughtException: Unexpected token ')'
/Users/andyjones/dfe-standards/dfe-standards-manual/services/strapiService.js:297
        });
         ^

SyntaxError: Unexpected token ')'
    at internalCompileFunction (node:internal/vm:77:18)
    at wrapSafe (node:internal/modules/cjs/loader:1290:20)
    at Module._compile (node:internal/modules/cjs/loader:1342:27)
    at Module._extensions..js (node:internal/modules/cjs/loader:1437:10)
    at Module.load (node:internal/modules/cjs/loader:1212:32)
    at Module._load (node:internal/modules/cjs/loader:1028:12)
    at Module.require (node:internal/modules/cjs/loader:1237:19)
    at require (node:internal/modules/helpers:176:18)
    at Object.<anonymous> (/Users/andyjones/dfe-standards/dfe-standards-manual/app/controllers/standardsController.js:2:23)
    at Module._compile (node:internal/modules/cjs/loader:1378:14)
2024-12-17 19:06:12 [ERROR]: uncaughtException: Unexpected token ')'
/Users/andyjones/dfe-standards/dfe-standards-manual/services/strapiService.js:297
                });
                 ^

SyntaxError: Unexpected token ')'
    at internalCompileFunction (node:internal/vm:77:18)
    at wrapSafe (node:internal/modules/cjs/loader:1290:20)
    at Module._compile (node:internal/modules/cjs/loader:1342:27)
    at Module._extensions..js (node:internal/modules/cjs/loader:1437:10)
    at Module.load (node:internal/modules/cjs/loader:1212:32)
    at Module._load (node:internal/modules/cjs/loader:1028:12)
    at Module.require (node:internal/modules/cjs/loader:1237:19)
    at require (node:internal/modules/helpers:176:18)
    at Object.<anonymous> (/Users/andyjones/dfe-standards/dfe-standards-manual/app/controllers/standardsController.js:2:23)
    at Module._compile (node:internal/modules/cjs/loader:1378:14)
2024-12-17 19:06:14 [ERROR]: uncaughtException: Unexpected token ')'
/Users/andyjones/dfe-standards/dfe-standards-manual/services/strapiService.js:297
                });
                 ^

SyntaxError: Unexpected token ')'
    at internalCompileFunction (node:internal/vm:77:18)
    at wrapSafe (node:internal/modules/cjs/loader:1290:20)
    at Module._compile (node:internal/modules/cjs/loader:1342:27)
    at Module._extensions..js (node:internal/modules/cjs/loader:1437:10)
    at Module.load (node:internal/modules/cjs/loader:1212:32)
    at Module._load (node:internal/modules/cjs/loader:1028:12)
    at Module.require (node:internal/modules/cjs/loader:1237:19)
    at require (node:internal/modules/helpers:176:18)
    at Object.<anonymous> (/Users/andyjones/dfe-standards/dfe-standards-manual/app/controllers/standardsController.js:2:23)
    at Module._compile (node:internal/modules/cjs/loader:1378:14)
2024-12-17 19:06:18 [ERROR]: uncaughtException: Unexpected identifier 'logger'
/Users/andyjones/dfe-standards/dfe-standards-manual/services/strapiService.js:300
        logger.debug(`Strapi response data: ${JSON.stringify(response.data)}`);
        ^^^^^^

SyntaxError: Unexpected identifier 'logger'
    at internalCompileFunction (node:internal/vm:77:18)
    at wrapSafe (node:internal/modules/cjs/loader:1290:20)
    at Module._compile (node:internal/modules/cjs/loader:1342:27)
    at Module._extensions..js (node:internal/modules/cjs/loader:1437:10)
    at Module.load (node:internal/modules/cjs/loader:1212:32)
    at Module._load (node:internal/modules/cjs/loader:1028:12)
    at Module.require (node:internal/modules/cjs/loader:1237:19)
    at require (node:internal/modules/helpers:176:18)
    at Object.<anonymous> (/Users/andyjones/dfe-standards/dfe-standards-manual/app/controllers/standardsController.js:2:23)
    at Module._compile (node:internal/modules/cjs/loader:1378:14)
2024-12-17 19:06:21 [ERROR]: uncaughtException: Unexpected identifier 'logger'
/Users/andyjones/dfe-standards/dfe-standards-manual/services/strapiService.js:302
        logger.debug(`Strapi response data: ${JSON.stringify(response.data)}`);
        ^^^^^^

SyntaxError: Unexpected identifier 'logger'
    at internalCompileFunction (node:internal/vm:77:18)
    at wrapSafe (node:internal/modules/cjs/loader:1290:20)
    at Module._compile (node:internal/modules/cjs/loader:1342:27)
    at Module._extensions..js (node:internal/modules/cjs/loader:1437:10)
    at Module.load (node:internal/modules/cjs/loader:1212:32)
    at Module._load (node:internal/modules/cjs/loader:1028:12)
    at Module.require (node:internal/modules/cjs/loader:1237:19)
    at require (node:internal/modules/helpers:176:18)
    at Object.<anonymous> (/Users/andyjones/dfe-standards/dfe-standards-manual/app/controllers/standardsController.js:2:23)
    at Module._compile (node:internal/modules/cjs/loader:1378:14)
2024-12-17 19:06:23 [ERROR]: uncaughtException: Unexpected token '.'
/Users/andyjones/dfe-standards/dfe-standards-manual/services/strapiService.js:302
        logger.debug(`Strapi response data: ${JSON.stringify(response.data)}`);
              ^

SyntaxError: Unexpected token '.'
    at internalCompileFunction (node:internal/vm:77:18)
    at wrapSafe (node:internal/modules/cjs/loader:1290:20)
    at Module._compile (node:internal/modules/cjs/loader:1342:27)
    at Module._extensions..js (node:internal/modules/cjs/loader:1437:10)
    at Module.load (node:internal/modules/cjs/loader:1212:32)
    at Module._load (node:internal/modules/cjs/loader:1028:12)
    at Module.require (node:internal/modules/cjs/loader:1237:19)
    at require (node:internal/modules/helpers:176:18)
    at Object.<anonymous> (/Users/andyjones/dfe-standards/dfe-standards-manual/app/controllers/standardsController.js:2:23)
    at Module._compile (node:internal/modules/cjs/loader:1378:14)
2024-12-17 19:06:25 [ERROR]: uncaughtException: Unexpected token '.'
/Users/andyjones/dfe-standards/dfe-standards-manual/services/strapiService.js:302
            logger.debug(`Strapi response data: ${JSON.stringify(response.data)}`);
                  ^

SyntaxError: Unexpected token '.'
    at internalCompileFunction (node:internal/vm:77:18)
    at wrapSafe (node:internal/modules/cjs/loader:1290:20)
    at Module._compile (node:internal/modules/cjs/loader:1342:27)
    at Module._extensions..js (node:internal/modules/cjs/loader:1437:10)
    at Module.load (node:internal/modules/cjs/loader:1212:32)
    at Module._load (node:internal/modules/cjs/loader:1028:12)
    at Module.require (node:internal/modules/cjs/loader:1237:19)
    at require (node:internal/modules/helpers:176:18)
    at Object.<anonymous> (/Users/andyjones/dfe-standards/dfe-standards-manual/app/controllers/standardsController.js:2:23)
    at Module._compile (node:internal/modules/cjs/loader:1378:14)
2024-12-17 19:06:36 [ERROR]: uncaughtException: Unexpected token ')'
/Users/andyjones/dfe-standards/dfe-standards-manual/services/strapiService.js:299
            }),
             ^

SyntaxError: Unexpected token ')'
    at internalCompileFunction (node:internal/vm:77:18)
    at wrapSafe (node:internal/modules/cjs/loader:1290:20)
    at Module._compile (node:internal/modules/cjs/loader:1342:27)
    at Module._extensions..js (node:internal/modules/cjs/loader:1437:10)
    at Module.load (node:internal/modules/cjs/loader:1212:32)
    at Module._load (node:internal/modules/cjs/loader:1028:12)
    at Module.require (node:internal/modules/cjs/loader:1237:19)
    at require (node:internal/modules/helpers:176:18)
    at Object.<anonymous> (/Users/andyjones/dfe-standards/dfe-standards-manual/app/controllers/standardsController.js:2:23)
    at Module._compile (node:internal/modules/cjs/loader:1378:14)
2024-12-17 19:06:42 [ERROR]: uncaughtException: Unexpected token ')'
/Users/andyjones/dfe-standards/dfe-standards-manual/services/strapiService.js:299
            }),
             ^

SyntaxError: Unexpected token ')'
    at internalCompileFunction (node:internal/vm:77:18)
    at wrapSafe (node:internal/modules/cjs/loader:1290:20)
    at Module._compile (node:internal/modules/cjs/loader:1342:27)
    at Module._extensions..js (node:internal/modules/cjs/loader:1437:10)
    at Module.load (node:internal/modules/cjs/loader:1212:32)
    at Module._load (node:internal/modules/cjs/loader:1028:12)
    at Module.require (node:internal/modules/cjs/loader:1237:19)
    at require (node:internal/modules/helpers:176:18)
    at Object.<anonymous> (/Users/andyjones/dfe-standards/dfe-standards-manual/app/controllers/standardsController.js:2:23)
    at Module._compile (node:internal/modules/cjs/loader:1378:14)
2024-12-17 19:06:46 [ERROR]: uncaughtException: missing ) after argument list
/Users/andyjones/dfe-standards/dfe-standards-manual/services/strapiService.js:299
            } }
              ^

SyntaxError: missing ) after argument list
    at internalCompileFunction (node:internal/vm:77:18)
    at wrapSafe (node:internal/modules/cjs/loader:1290:20)
    at Module._compile (node:internal/modules/cjs/loader:1342:27)
    at Module._extensions..js (node:internal/modules/cjs/loader:1437:10)
    at Module.load (node:internal/modules/cjs/loader:1212:32)
    at Module._load (node:internal/modules/cjs/loader:1028:12)
    at Module.require (node:internal/modules/cjs/loader:1237:19)
    at require (node:internal/modules/helpers:176:18)
    at Object.<anonymous> (/Users/andyjones/dfe-standards/dfe-standards-manual/app/controllers/standardsController.js:2:23)
    at Module._compile (node:internal/modules/cjs/loader:1378:14)
2024-12-17 20:30:45 [ERROR]: uncaughtException: Unexpected identifier 'sub_categories'
/Users/andyjones/dfe-standards/dfe-standards-manual/services/strapiService.js:299
                    sub_categories: {
                    ^^^^^^^^^^^^^^

SyntaxError: Unexpected identifier 'sub_categories'
    at internalCompileFunction (node:internal/vm:77:18)
    at wrapSafe (node:internal/modules/cjs/loader:1290:20)
    at Module._compile (node:internal/modules/cjs/loader:1342:27)
    at Module._extensions..js (node:internal/modules/cjs/loader:1437:10)
    at Module.load (node:internal/modules/cjs/loader:1212:32)
    at Module._load (node:internal/modules/cjs/loader:1028:12)
    at Module.require (node:internal/modules/cjs/loader:1237:19)
    at require (node:internal/modules/helpers:176:18)
    at Object.<anonymous> (/Users/andyjones/dfe-standards/dfe-standards-manual/app/controllers/standardsController.js:2:23)
    at Module._compile (node:internal/modules/cjs/loader:1378:14)
2024-12-17 20:31:40 [ERROR]: uncaughtException: Unexpected identifier 'sub_categories'
/Users/andyjones/dfe-standards/dfe-standards-manual/services/strapiService.js:296
                    sub_categories: {
                    ^^^^^^^^^^^^^^

SyntaxError: Unexpected identifier 'sub_categories'
    at internalCompileFunction (node:internal/vm:77:18)
    at wrapSafe (node:internal/modules/cjs/loader:1290:20)
    at Module._compile (node:internal/modules/cjs/loader:1342:27)
    at Module._extensions..js (node:internal/modules/cjs/loader:1437:10)
    at Module.load (node:internal/modules/cjs/loader:1212:32)
    at Module._load (node:internal/modules/cjs/loader:1028:12)
    at Module.require (node:internal/modules/cjs/loader:1237:19)
    at require (node:internal/modules/helpers:176:18)
    at Object.<anonymous> (/Users/andyjones/dfe-standards/dfe-standards-manual/app/controllers/standardsController.js:2:23)
    at Module._compile (node:internal/modules/cjs/loader:1378:14)
2024-12-18 08:25:50 [ERROR]: uncaughtException: Unexpected identifier 'cmsEnabled'
/Users/andyjones/dfe-standards/dfe-standards-manual/app/controllers/homeController.js:7
        if cmsEnabled 
           ^^^^^^^^^^

SyntaxError: Unexpected identifier 'cmsEnabled'
    at internalCompileFunction (node:internal/vm:77:18)
    at wrapSafe (node:internal/modules/cjs/loader:1290:20)
    at Module._compile (node:internal/modules/cjs/loader:1342:27)
    at Module._extensions..js (node:internal/modules/cjs/loader:1437:10)
    at Module.load (node:internal/modules/cjs/loader:1212:32)
    at Module._load (node:internal/modules/cjs/loader:1028:12)
    at Module.require (node:internal/modules/cjs/loader:1237:19)
    at require (node:internal/modules/helpers:176:18)
    at Object.<anonymous> (/Users/andyjones/dfe-standards/dfe-standards-manual/app/routes.js:4:24)
    at Module._compile (node:internal/modules/cjs/loader:1378:14)
2024-12-18 08:26:00 [ERROR]: uncaughtException: Unexpected token 'try'
/Users/andyjones/dfe-standards/dfe-standards-manual/app/controllers/homeController.js:9
    try {
    ^^^

SyntaxError: Unexpected token 'try'
    at internalCompileFunction (node:internal/vm:77:18)
    at wrapSafe (node:internal/modules/cjs/loader:1290:20)
    at Module._compile (node:internal/modules/cjs/loader:1342:27)
    at Module._extensions..js (node:internal/modules/cjs/loader:1437:10)
    at Module.load (node:internal/modules/cjs/loader:1212:32)
    at Module._load (node:internal/modules/cjs/loader:1028:12)
    at Module.require (node:internal/modules/cjs/loader:1237:19)
    at require (node:internal/modules/helpers:176:18)
    at Object.<anonymous> (/Users/andyjones/dfe-standards/dfe-standards-manual/app/routes.js:4:24)
    at Module._compile (node:internal/modules/cjs/loader:1378:14)
